This is pdfTeX, Version 3.14159265-2.6-1.40.18 (MiKTeX 2.9.6350 64-bit) (preloaded format=pdflatex 2017.10.4)  8 NOV 2017 21:20
entering extended mode
**./trabajoFinal.tex
(trabajoFinal.tex
LaTeX2e <2017-04-15>
Babel <3.10> and hyphenation patterns for 75 language(s) loaded.
("C:\Program Files\MiKTeX 2.9\tex\latex\base\article.cls"
Document Class: article 2014/09/29 v1.4h Standard LaTeX document class
("C:\Program Files\MiKTeX 2.9\tex\latex\base\size12.clo"
File: size12.clo 2014/09/29 v1.4h Standard LaTeX file (size option)
)
\c@part=\count79
\c@section=\count80
\c@subsection=\count81
\c@subsubsection=\count82
\c@paragraph=\count83
\c@subparagraph=\count84
\c@figure=\count85
\c@table=\count86
\abovecaptionskip=\skip41
\belowcaptionskip=\skip42
\bibindent=\dimen102
)
("C:\Program Files\MiKTeX 2.9\tex\latex\base\inputenc.sty"
Package: inputenc 2015/03/17 v1.2c Input encoding file
\inpenc@prehook=\toks14
\inpenc@posthook=\toks15

("C:\Program Files\MiKTeX 2.9\tex\latex\base\utf8.def"
File: utf8.def 2017/01/28 v1.1t UTF-8 support for inputenc
Now handling font encoding OML ...
... no UTF-8 mapping file for font encoding OML
Now handling font encoding T1 ...
... processing UTF-8 mapping file for font encoding T1

("C:\Program Files\MiKTeX 2.9\tex\latex\base\t1enc.dfu"
File: t1enc.dfu 2017/01/28 v1.1t UTF-8 support for inputenc
   defining Unicode char U+00A0 (decimal 160)
   defining Unicode char U+00A1 (decimal 161)
   defining Unicode char U+00A3 (decimal 163)
   defining Unicode char U+00AB (decimal 171)
   defining Unicode char U+00AD (decimal 173)
   defining Unicode char U+00BB (decimal 187)
   defining Unicode char U+00BF (decimal 191)
   defining Unicode char U+00C0 (decimal 192)
   defining Unicode char U+00C1 (decimal 193)
   defining Unicode char U+00C2 (decimal 194)
   defining Unicode char U+00C3 (decimal 195)
   defining Unicode char U+00C4 (decimal 196)
   defining Unicode char U+00C5 (decimal 197)
   defining Unicode char U+00C6 (decimal 198)
   defining Unicode char U+00C7 (decimal 199)
   defining Unicode char U+00C8 (decimal 200)
   defining Unicode char U+00C9 (decimal 201)
   defining Unicode char U+00CA (decimal 202)
   defining Unicode char U+00CB (decimal 203)
   defining Unicode char U+00CC (decimal 204)
   defining Unicode char U+00CD (decimal 205)
   defining Unicode char U+00CE (decimal 206)
   defining Unicode char U+00CF (decimal 207)
   defining Unicode char U+00D0 (decimal 208)
   defining Unicode char U+00D1 (decimal 209)
   defining Unicode char U+00D2 (decimal 210)
   defining Unicode char U+00D3 (decimal 211)
   defining Unicode char U+00D4 (decimal 212)
   defining Unicode char U+00D5 (decimal 213)
   defining Unicode char U+00D6 (decimal 214)
   defining Unicode char U+00D8 (decimal 216)
   defining Unicode char U+00D9 (decimal 217)
   defining Unicode char U+00DA (decimal 218)
   defining Unicode char U+00DB (decimal 219)
   defining Unicode char U+00DC (decimal 220)
   defining Unicode char U+00DD (decimal 221)
   defining Unicode char U+00DE (decimal 222)
   defining Unicode char U+00DF (decimal 223)
   defining Unicode char U+00E0 (decimal 224)
   defining Unicode char U+00E1 (decimal 225)
   defining Unicode char U+00E2 (decimal 226)
   defining Unicode char U+00E3 (decimal 227)
   defining Unicode char U+00E4 (decimal 228)
   defining Unicode char U+00E5 (decimal 229)
   defining Unicode char U+00E6 (decimal 230)
   defining Unicode char U+00E7 (decimal 231)
   defining Unicode char U+00E8 (decimal 232)
   defining Unicode char U+00E9 (decimal 233)
   defining Unicode char U+00EA (decimal 234)
   defining Unicode char U+00EB (decimal 235)
   defining Unicode char U+00EC (decimal 236)
   defining Unicode char U+00ED (decimal 237)
   defining Unicode char U+00EE (decimal 238)
   defining Unicode char U+00EF (decimal 239)
   defining Unicode char U+00F0 (decimal 240)
   defining Unicode char U+00F1 (decimal 241)
   defining Unicode char U+00F2 (decimal 242)
   defining Unicode char U+00F3 (decimal 243)
   defining Unicode char U+00F4 (decimal 244)
   defining Unicode char U+00F5 (decimal 245)
   defining Unicode char U+00F6 (decimal 246)
   defining Unicode char U+00F8 (decimal 248)
   defining Unicode char U+00F9 (decimal 249)
   defining Unicode char U+00FA (decimal 250)
   defining Unicode char U+00FB (decimal 251)
   defining Unicode char U+00FC (decimal 252)
   defining Unicode char U+00FD (decimal 253)
   defining Unicode char U+00FE (decimal 254)
   defining Unicode char U+00FF (decimal 255)
   defining Unicode char U+0100 (decimal 256)
   defining Unicode char U+0101 (decimal 257)
   defining Unicode char U+0102 (decimal 258)
   defining Unicode char U+0103 (decimal 259)
   defining Unicode char U+0104 (decimal 260)
   defining Unicode char U+0105 (decimal 261)
   defining Unicode char U+0106 (decimal 262)
   defining Unicode char U+0107 (decimal 263)
   defining Unicode char U+0108 (decimal 264)
   defining Unicode char U+0109 (decimal 265)
   defining Unicode char U+010A (decimal 266)
   defining Unicode char U+010B (decimal 267)
   defining Unicode char U+010C (decimal 268)
   defining Unicode char U+010D (decimal 269)
   defining Unicode char U+010E (decimal 270)
   defining Unicode char U+010F (decimal 271)
   defining Unicode char U+0110 (decimal 272)
   defining Unicode char U+0111 (decimal 273)
   defining Unicode char U+0112 (decimal 274)
   defining Unicode char U+0113 (decimal 275)
   defining Unicode char U+0114 (decimal 276)
   defining Unicode char U+0115 (decimal 277)
   defining Unicode char U+0116 (decimal 278)
   defining Unicode char U+0117 (decimal 279)
   defining Unicode char U+0118 (decimal 280)
   defining Unicode char U+0119 (decimal 281)
   defining Unicode char U+011A (decimal 282)
   defining Unicode char U+011B (decimal 283)
   defining Unicode char U+011C (decimal 284)
   defining Unicode char U+011D (decimal 285)
   defining Unicode char U+011E (decimal 286)
   defining Unicode char U+011F (decimal 287)
   defining Unicode char U+0120 (decimal 288)
   defining Unicode char U+0121 (decimal 289)
   defining Unicode char U+0122 (decimal 290)
   defining Unicode char U+0123 (decimal 291)
   defining Unicode char U+0124 (decimal 292)
   defining Unicode char U+0125 (decimal 293)
   defining Unicode char U+0128 (decimal 296)
   defining Unicode char U+0129 (decimal 297)
   defining Unicode char U+012A (decimal 298)
   defining Unicode char U+012B (decimal 299)
   defining Unicode char U+012C (decimal 300)
   defining Unicode char U+012D (decimal 301)
   defining Unicode char U+012E (decimal 302)
   defining Unicode char U+012F (decimal 303)
   defining Unicode char U+0130 (decimal 304)
   defining Unicode char U+0131 (decimal 305)
   defining Unicode char U+0132 (decimal 306)
   defining Unicode char U+0133 (decimal 307)
   defining Unicode char U+0134 (decimal 308)
   defining Unicode char U+0135 (decimal 309)
   defining Unicode char U+0136 (decimal 310)
   defining Unicode char U+0137 (decimal 311)
   defining Unicode char U+0139 (decimal 313)
   defining Unicode char U+013A (decimal 314)
   defining Unicode char U+013B (decimal 315)
   defining Unicode char U+013C (decimal 316)
   defining Unicode char U+013D (decimal 317)
   defining Unicode char U+013E (decimal 318)
   defining Unicode char U+0141 (decimal 321)
   defining Unicode char U+0142 (decimal 322)
   defining Unicode char U+0143 (decimal 323)
   defining Unicode char U+0144 (decimal 324)
   defining Unicode char U+0145 (decimal 325)
   defining Unicode char U+0146 (decimal 326)
   defining Unicode char U+0147 (decimal 327)
   defining Unicode char U+0148 (decimal 328)
   defining Unicode char U+014A (decimal 330)
   defining Unicode char U+014B (decimal 331)
   defining Unicode char U+014C (decimal 332)
   defining Unicode char U+014D (decimal 333)
   defining Unicode char U+014E (decimal 334)
   defining Unicode char U+014F (decimal 335)
   defining Unicode char U+0150 (decimal 336)
   defining Unicode char U+0151 (decimal 337)
   defining Unicode char U+0152 (decimal 338)
   defining Unicode char U+0153 (decimal 339)
   defining Unicode char U+0154 (decimal 340)
   defining Unicode char U+0155 (decimal 341)
   defining Unicode char U+0156 (decimal 342)
   defining Unicode char U+0157 (decimal 343)
   defining Unicode char U+0158 (decimal 344)
   defining Unicode char U+0159 (decimal 345)
   defining Unicode char U+015A (decimal 346)
   defining Unicode char U+015B (decimal 347)
   defining Unicode char U+015C (decimal 348)
   defining Unicode char U+015D (decimal 349)
   defining Unicode char U+015E (decimal 350)
   defining Unicode char U+015F (decimal 351)
   defining Unicode char U+0160 (decimal 352)
   defining Unicode char U+0161 (decimal 353)
   defining Unicode char U+0162 (decimal 354)
   defining Unicode char U+0163 (decimal 355)
   defining Unicode char U+0164 (decimal 356)
   defining Unicode char U+0165 (decimal 357)
   defining Unicode char U+0168 (decimal 360)
   defining Unicode char U+0169 (decimal 361)
   defining Unicode char U+016A (decimal 362)
   defining Unicode char U+016B (decimal 363)
   defining Unicode char U+016C (decimal 364)
   defining Unicode char U+016D (decimal 365)
   defining Unicode char U+016E (decimal 366)
   defining Unicode char U+016F (decimal 367)
   defining Unicode char U+0170 (decimal 368)
   defining Unicode char U+0171 (decimal 369)
   defining Unicode char U+0172 (decimal 370)
   defining Unicode char U+0173 (decimal 371)
   defining Unicode char U+0174 (decimal 372)
   defining Unicode char U+0175 (decimal 373)
   defining Unicode char U+0176 (decimal 374)
   defining Unicode char U+0177 (decimal 375)
   defining Unicode char U+0178 (decimal 376)
   defining Unicode char U+0179 (decimal 377)
   defining Unicode char U+017A (decimal 378)
   defining Unicode char U+017B (decimal 379)
   defining Unicode char U+017C (decimal 380)
   defining Unicode char U+017D (decimal 381)
   defining Unicode char U+017E (decimal 382)
   defining Unicode char U+01CD (decimal 461)
   defining Unicode char U+01CE (decimal 462)
   defining Unicode char U+01CF (decimal 463)
   defining Unicode char U+01D0 (decimal 464)
   defining Unicode char U+01D1 (decimal 465)
   defining Unicode char U+01D2 (decimal 466)
   defining Unicode char U+01D3 (decimal 467)
   defining Unicode char U+01D4 (decimal 468)
   defining Unicode char U+01E2 (decimal 482)
   defining Unicode char U+01E3 (decimal 483)
   defining Unicode char U+01E6 (decimal 486)
   defining Unicode char U+01E7 (decimal 487)
   defining Unicode char U+01E8 (decimal 488)
   defining Unicode char U+01E9 (decimal 489)
   defining Unicode char U+01EA (decimal 490)
   defining Unicode char U+01EB (decimal 491)
   defining Unicode char U+01F0 (decimal 496)
   defining Unicode char U+01F4 (decimal 500)
   defining Unicode char U+01F5 (decimal 501)
   defining Unicode char U+0218 (decimal 536)
   defining Unicode char U+0219 (decimal 537)
   defining Unicode char U+021A (decimal 538)
   defining Unicode char U+021B (decimal 539)
   defining Unicode char U+0232 (decimal 562)
   defining Unicode char U+0233 (decimal 563)
   defining Unicode char U+1E02 (decimal 7682)
   defining Unicode char U+1E03 (decimal 7683)
   defining Unicode char U+200C (decimal 8204)
   defining Unicode char U+2010 (decimal 8208)
   defining Unicode char U+2011 (decimal 8209)
   defining Unicode char U+2012 (decimal 8210)
   defining Unicode char U+2013 (decimal 8211)
   defining Unicode char U+2014 (decimal 8212)
   defining Unicode char U+2015 (decimal 8213)
   defining Unicode char U+2018 (decimal 8216)
   defining Unicode char U+2019 (decimal 8217)
   defining Unicode char U+201A (decimal 8218)
   defining Unicode char U+201C (decimal 8220)
   defining Unicode char U+201D (decimal 8221)
   defining Unicode char U+201E (decimal 8222)
   defining Unicode char U+2030 (decimal 8240)
   defining Unicode char U+2031 (decimal 8241)
   defining Unicode char U+2039 (decimal 8249)
   defining Unicode char U+203A (decimal 8250)
   defining Unicode char U+2423 (decimal 9251)
   defining Unicode char U+1E20 (decimal 7712)
   defining Unicode char U+1E21 (decimal 7713)
)
Now handling font encoding OT1 ...
... processing UTF-8 mapping file for font encoding OT1

("C:\Program Files\MiKTeX 2.9\tex\latex\base\ot1enc.dfu"
File: ot1enc.dfu 2017/01/28 v1.1t UTF-8 support for inputenc
   defining Unicode char U+00A0 (decimal 160)
   defining Unicode char U+00A1 (decimal 161)
   defining Unicode char U+00A3 (decimal 163)
   defining Unicode char U+00AD (decimal 173)
   defining Unicode char U+00B8 (decimal 184)
   defining Unicode char U+00BF (decimal 191)
   defining Unicode char U+00C5 (decimal 197)
   defining Unicode char U+00C6 (decimal 198)
   defining Unicode char U+00D8 (decimal 216)
   defining Unicode char U+00DF (decimal 223)
   defining Unicode char U+00E6 (decimal 230)
   defining Unicode char U+00EC (decimal 236)
   defining Unicode char U+00ED (decimal 237)
   defining Unicode char U+00EE (decimal 238)
   defining Unicode char U+00EF (decimal 239)
   defining Unicode char U+00F8 (decimal 248)
   defining Unicode char U+0131 (decimal 305)
   defining Unicode char U+0141 (decimal 321)
   defining Unicode char U+0142 (decimal 322)
   defining Unicode char U+0152 (decimal 338)
   defining Unicode char U+0153 (decimal 339)
   defining Unicode char U+0174 (decimal 372)
   defining Unicode char U+0175 (decimal 373)
   defining Unicode char U+0176 (decimal 374)
   defining Unicode char U+0177 (decimal 375)
   defining Unicode char U+0218 (decimal 536)
   defining Unicode char U+0219 (decimal 537)
   defining Unicode char U+021A (decimal 538)
   defining Unicode char U+021B (decimal 539)
   defining Unicode char U+2013 (decimal 8211)
   defining Unicode char U+2014 (decimal 8212)
   defining Unicode char U+2018 (decimal 8216)
   defining Unicode char U+2019 (decimal 8217)
   defining Unicode char U+201C (decimal 8220)
   defining Unicode char U+201D (decimal 8221)
)
Now handling font encoding OMS ...
... processing UTF-8 mapping file for font encoding OMS

("C:\Program Files\MiKTeX 2.9\tex\latex\base\omsenc.dfu"
File: omsenc.dfu 2017/01/28 v1.1t UTF-8 support for inputenc
   defining Unicode char U+00A7 (decimal 167)
   defining Unicode char U+00B6 (decimal 182)
   defining Unicode char U+00B7 (decimal 183)
   defining Unicode char U+2020 (decimal 8224)
   defining Unicode char U+2021 (decimal 8225)
   defining Unicode char U+2022 (decimal 8226)
)
Now handling font encoding OMX ...
... no UTF-8 mapping file for font encoding OMX
Now handling font encoding U ...
... no UTF-8 mapping file for font encoding U
   defining Unicode char U+00A9 (decimal 169)
   defining Unicode char U+00AA (decimal 170)
   defining Unicode char U+00AE (decimal 174)
   defining Unicode char U+00BA (decimal 186)
   defining Unicode char U+02C6 (decimal 710)
   defining Unicode char U+02DC (decimal 732)
   defining Unicode char U+200C (decimal 8204)
   defining Unicode char U+2026 (decimal 8230)
   defining Unicode char U+2122 (decimal 8482)
   defining Unicode char U+2423 (decimal 9251)
))
("C:\Program Files\MiKTeX 2.9\tex\generic\babel\babel.sty"
Package: babel 2017/05/19 3.10 The Babel package

*************************************
* Local config file bblopts.cfg used
*
("C:\Program Files\MiKTeX 2.9\tex\latex\arabi\bblopts.cfg"
File: bblopts.cfg 2005/09/08 v0.1 add Arabic and Farsi to "declared" options of
 babel
)
("C:\Program Files\MiKTeX 2.9\tex\latex\babel-spanish\spanish.ldf"
Language: spanish.ldf 2016/03/03 v5.0p Spanish support from the babel system

("C:\Program Files\MiKTeX 2.9\tex\generic\babel\babel.def"
File: babel.def 2017/05/19 3.10 Babel common definitions
\babel@savecnt=\count87
\U@D=\dimen103
)
\es@quottoks=\toks16
\es@quotdepth=\count88
Package babel Info: Making " an active character on input line 561.
Package babel Info: Making . an active character on input line 662.
Package babel Info: Making < an active character on input line 707.
Package babel Info: Making > an active character on input line 707.
))
("C:\Program Files\MiKTeX 2.9\tex\latex\graphics\graphicx.sty"
Package: graphicx 2014/10/28 v1.0g Enhanced LaTeX Graphics (DPC,SPQR)

("C:\Program Files\MiKTeX 2.9\tex\latex\graphics\keyval.sty"
Package: keyval 2014/10/28 v1.15 key=value parser (DPC)
\KV@toks@=\toks17
)
("C:\Program Files\MiKTeX 2.9\tex\latex\graphics\graphics.sty"
Package: graphics 2017/04/14 v1.1b Standard LaTeX Graphics (DPC,SPQR)

("C:\Program Files\MiKTeX 2.9\tex\latex\graphics\trig.sty"
Package: trig 2016/01/03 v1.10 sin cos tan (DPC)
)
("C:\Program Files\MiKTeX 2.9\tex\latex\graphics-cfg\graphics.cfg"
File: graphics.cfg 2016/06/04 v1.11 sample graphics configuration
)
Package graphics Info: Driver file: pdftex.def on input line 99.

("C:\Program Files\MiKTeX 2.9\tex\latex\graphics-def\pdftex.def"
File: pdftex.def 2017/01/12 v0.06k Graphics/color for pdfTeX

("C:\Program Files\MiKTeX 2.9\tex\generic\oberdiek\infwarerr.sty"
Package: infwarerr 2016/05/16 v1.4 Providing info/warning/error messages (HO)
)
("C:\Program Files\MiKTeX 2.9\tex\generic\oberdiek\ltxcmds.sty"
Package: ltxcmds 2016/05/16 v1.23 LaTeX kernel commands for general use (HO)
)
\Gread@gobject=\count89
))
\Gin@req@height=\dimen104
\Gin@req@width=\dimen105
)
("C:\Program Files\MiKTeX 2.9\tex\latex\geometry\geometry.sty"
Package: geometry 2010/09/12 v5.6 Page Geometry

("C:\Program Files\MiKTeX 2.9\tex\generic\oberdiek\ifpdf.sty"
Package: ifpdf 2017/03/15 v3.2 Provides the ifpdf switch
)
("C:\Program Files\MiKTeX 2.9\tex\generic\oberdiek\ifvtex.sty"
Package: ifvtex 2016/05/16 v1.6 Detect VTeX and its facilities (HO)
Package ifvtex Info: VTeX not detected.
)
("C:\Program Files\MiKTeX 2.9\tex\generic\ifxetex\ifxetex.sty"
Package: ifxetex 2010/09/12 v0.6 Provides ifxetex conditional
)
\Gm@cnth=\count90
\Gm@cntv=\count91
\c@Gm@tempcnt=\count92
\Gm@bindingoffset=\dimen106
\Gm@wd@mp=\dimen107
\Gm@odd@mp=\dimen108
\Gm@even@mp=\dimen109
\Gm@layoutwidth=\dimen110
\Gm@layoutheight=\dimen111
\Gm@layouthoffset=\dimen112
\Gm@layoutvoffset=\dimen113
\Gm@dimlist=\toks18

("C:\Program Files\MiKTeX 2.9\tex\latex\geometry\geometry.cfg"))
("C:\Program Files\MiKTeX 2.9\tex\latex\subfigure\subfigure.sty"
Package: subfigure 2002/07/30 v2.1.4 subfigure package
\subfigtopskip=\skip43
\subfigcapskip=\skip44
\subfigcaptopadj=\dimen114
\subfigbottomskip=\skip45
\subfigcapmargin=\dimen115
\subfiglabelskip=\skip46
\c@subfigure=\count93
\c@lofdepth=\count94
\c@subtable=\count95
\c@lotdepth=\count96

****************************************
* Local config file subfigure.cfg used *
****************************************
("C:\Program Files\MiKTeX 2.9\tex\latex\subfigure\subfigure.cfg")
\subfig@top=\skip47
\subfig@bottom=\skip48
)
("C:\Program Files\MiKTeX 2.9\tex\latex\float\float.sty"
Package: float 2001/11/08 v1.3d Float enhancements (AL)
\c@float@type=\count97
\float@exts=\toks19
\float@box=\box26
\@float@everytoks=\toks20
\@floatcapt=\box27
)
("C:\Program Files\MiKTeX 2.9\tex\latex\amsmath\amsmath.sty"
Package: amsmath 2016/11/05 v2.16a AMS math features
\@mathmargin=\skip49

For additional information on amsmath, use the `?' option.
("C:\Program Files\MiKTeX 2.9\tex\latex\amsmath\amstext.sty"
Package: amstext 2000/06/29 v2.01 AMS text

("C:\Program Files\MiKTeX 2.9\tex\latex\amsmath\amsgen.sty"
File: amsgen.sty 1999/11/30 v2.0 generic functions
\@emptytoks=\toks21
\ex@=\dimen116
))
("C:\Program Files\MiKTeX 2.9\tex\latex\amsmath\amsbsy.sty"
Package: amsbsy 1999/11/29 v1.2d Bold Symbols
\pmbraise@=\dimen117
)
("C:\Program Files\MiKTeX 2.9\tex\latex\amsmath\amsopn.sty"
Package: amsopn 2016/03/08 v2.02 operator names
)
\inf@bad=\count98
LaTeX Info: Redefining \frac on input line 213.
\uproot@=\count99
\leftroot@=\count100
LaTeX Info: Redefining \overline on input line 375.
\classnum@=\count101
\DOTSCASE@=\count102
LaTeX Info: Redefining \ldots on input line 472.
LaTeX Info: Redefining \dots on input line 475.
LaTeX Info: Redefining \cdots on input line 596.
\Mathstrutbox@=\box28
\strutbox@=\box29
\big@size=\dimen118
LaTeX Font Info:    Redeclaring font encoding OML on input line 712.
LaTeX Font Info:    Redeclaring font encoding OMS on input line 713.
\macc@depth=\count103
\c@MaxMatrixCols=\count104
\dotsspace@=\muskip10
\c@parentequation=\count105
\dspbrk@lvl=\count106
\tag@help=\toks22
\row@=\count107
\column@=\count108
\maxfields@=\count109
\andhelp@=\toks23
\eqnshift@=\dimen119
\alignsep@=\dimen120
\tagshift@=\dimen121
\tagwidth@=\dimen122
\totwidth@=\dimen123
\lineht@=\dimen124
\@envbody=\toks24
\multlinegap=\skip50
\multlinetaggap=\skip51
\mathdisplay@stack=\toks25
LaTeX Info: Redefining \[ on input line 2817.
LaTeX Info: Redefining \] on input line 2818.
)
("C:\Program Files\MiKTeX 2.9\tex\latex\txfonts\txfonts.sty"
Package: txfonts 2008/01/22 v3.2.1
LaTeX Font Info:    Redeclaring symbol font `operators' on input line 21.
LaTeX Font Info:    Overwriting symbol font `operators' in version `normal'
(Font)                  OT1/cmr/m/n --> OT1/txr/m/n on input line 21.
LaTeX Font Info:    Overwriting symbol font `operators' in version `bold'
(Font)                  OT1/cmr/bx/n --> OT1/txr/m/n on input line 21.
LaTeX Font Info:    Overwriting symbol font `operators' in version `bold'
(Font)                  OT1/txr/m/n --> OT1/txr/bx/n on input line 22.
\symitalic=\mathgroup4
LaTeX Font Info:    Overwriting symbol font `italic' in version `bold'
(Font)                  OT1/txr/m/it --> OT1/txr/bx/it on input line 26.
LaTeX Font Info:    Redeclaring math alphabet \mathbf on input line 29.
LaTeX Font Info:    Overwriting math alphabet `\mathbf' in version `normal'
(Font)                  OT1/cmr/bx/n --> OT1/txr/bx/n on input line 29.
LaTeX Font Info:    Overwriting math alphabet `\mathbf' in version `bold'
(Font)                  OT1/cmr/bx/n --> OT1/txr/bx/n on input line 29.
LaTeX Font Info:    Redeclaring math alphabet \mathit on input line 30.
LaTeX Font Info:    Overwriting math alphabet `\mathit' in version `normal'
(Font)                  OT1/cmr/m/it --> OT1/txr/m/it on input line 30.
LaTeX Font Info:    Overwriting math alphabet `\mathit' in version `bold'
(Font)                  OT1/cmr/bx/it --> OT1/txr/m/it on input line 30.
LaTeX Font Info:    Overwriting math alphabet `\mathit' in version `bold'
(Font)                  OT1/txr/m/it --> OT1/txr/bx/it on input line 31.
LaTeX Font Info:    Redeclaring math alphabet \mathsf on input line 40.
LaTeX Font Info:    Overwriting math alphabet `\mathsf' in version `normal'
(Font)                  OT1/cmss/m/n --> OT1/txss/m/n on input line 40.
LaTeX Font Info:    Overwriting math alphabet `\mathsf' in version `bold'
(Font)                  OT1/cmss/bx/n --> OT1/txss/m/n on input line 40.
LaTeX Font Info:    Overwriting math alphabet `\mathsf' in version `bold'
(Font)                  OT1/txss/m/n --> OT1/txss/b/n on input line 41.
LaTeX Font Info:    Redeclaring math alphabet \mathtt on input line 50.
LaTeX Font Info:    Overwriting math alphabet `\mathtt' in version `normal'
(Font)                  OT1/cmtt/m/n --> OT1/txtt/m/n on input line 50.
LaTeX Font Info:    Overwriting math alphabet `\mathtt' in version `bold'
(Font)                  OT1/cmtt/m/n --> OT1/txtt/m/n on input line 50.
LaTeX Font Info:    Overwriting math alphabet `\mathtt' in version `bold'
(Font)                  OT1/txtt/m/n --> OT1/txtt/b/n on input line 51.
LaTeX Font Info:    Redeclaring symbol font `letters' on input line 58.
LaTeX Font Info:    Overwriting symbol font `letters' in version `normal'
(Font)                  OML/cmm/m/it --> OML/txmi/m/it on input line 58.
LaTeX Font Info:    Overwriting symbol font `letters' in version `bold'
(Font)                  OML/cmm/b/it --> OML/txmi/m/it on input line 58.
LaTeX Font Info:    Overwriting symbol font `letters' in version `bold'
(Font)                  OML/txmi/m/it --> OML/txmi/bx/it on input line 59.
\symlettersA=\mathgroup5
LaTeX Font Info:    Overwriting symbol font `lettersA' in version `bold'
(Font)                  U/txmia/m/it --> U/txmia/bx/it on input line 67.
LaTeX Font Info:    Redeclaring symbol font `symbols' on input line 77.
LaTeX Font Info:    Overwriting symbol font `symbols' in version `normal'
(Font)                  OMS/cmsy/m/n --> OMS/txsy/m/n on input line 77.
LaTeX Font Info:    Overwriting symbol font `symbols' in version `bold'
(Font)                  OMS/cmsy/b/n --> OMS/txsy/m/n on input line 77.
LaTeX Font Info:    Overwriting symbol font `symbols' in version `bold'
(Font)                  OMS/txsy/m/n --> OMS/txsy/bx/n on input line 78.
\symAMSa=\mathgroup6
LaTeX Font Info:    Overwriting symbol font `AMSa' in version `bold'
(Font)                  U/txsya/m/n --> U/txsya/bx/n on input line 94.
\symAMSb=\mathgroup7
LaTeX Font Info:    Overwriting symbol font `AMSb' in version `bold'
(Font)                  U/txsyb/m/n --> U/txsyb/bx/n on input line 103.
\symsymbolsC=\mathgroup8
LaTeX Font Info:    Overwriting symbol font `symbolsC' in version `bold'
(Font)                  U/txsyc/m/n --> U/txsyc/bx/n on input line 113.
LaTeX Font Info:    Redeclaring symbol font `largesymbols' on input line 120.
LaTeX Font Info:    Overwriting symbol font `largesymbols' in version `normal'
(Font)                  OMX/cmex/m/n --> OMX/txex/m/n on input line 120.
LaTeX Font Info:    Overwriting symbol font `largesymbols' in version `bold'
(Font)                  OMX/cmex/m/n --> OMX/txex/m/n on input line 120.
LaTeX Font Info:    Overwriting symbol font `largesymbols' in version `bold'
(Font)                  OMX/txex/m/n --> OMX/txex/bx/n on input line 121.
\symlargesymbolsA=\mathgroup9
LaTeX Font Info:    Overwriting symbol font `largesymbolsA' in version `bold'
(Font)                  U/txexa/m/n --> U/txexa/bx/n on input line 129.
LaTeX Info: Redefining \not on input line 1043.
)
("C:\Program Files\MiKTeX 2.9\tex\latex\oberdiek\stackrel.sty"
Package: stackrel 2016/05/16 v1.3 Adding subscript option to stackrel (HO)

("C:\Program Files\MiKTeX 2.9\tex\generic\oberdiek\etexcmds.sty"
Package: etexcmds 2016/05/16 v1.6 Avoid name clashes with e-TeX commands (HO)

("C:\Program Files\MiKTeX 2.9\tex\generic\oberdiek\ifluatex.sty"
Package: ifluatex 2016/05/16 v1.4 Provides the ifluatex switch (HO)
Package ifluatex Info: LuaTeX not detected.
)
Package etexcmds Info: Could not find \expanded.
(etexcmds)             That can mean that you are not using pdfTeX 1.50 or
(etexcmds)             that some package has redefined \expanded.
(etexcmds)             In the latter case, load this package earlier.
)
("C:\Program Files\MiKTeX 2.9\tex\generic\oberdiek\pdftexcmds.sty"
Package: pdftexcmds 2017/03/19 v0.25 Utility functions of pdfTeX for LuaTeX (HO
)
Package pdftexcmds Info: LuaTeX not detected.
Package pdftexcmds Info: \pdf@primitive is available.
Package pdftexcmds Info: \pdf@ifprimitive is available.
Package pdftexcmds Info: \pdfdraftmode found.
))
("C:\Program Files\MiKTeX 2.9\tex\latex\multirow\multirow.sty"
Package: multirow 2016/11/25 v2.2 Span multiple rows of a table
\multirow@colwidth=\skip52
\multirow@cntb=\count110
\multirow@dima=\skip53
\bigstrutjot=\dimen125
)
("C:\Program Files\MiKTeX 2.9\tex\latex\tools\enumerate.sty"
Package: enumerate 2015/07/23 v3.00 enumerate extensions (DPC)
\@enLab=\toks26
) (trabajoFinal.aux
LaTeX Info: Redefining \. on input line 6.
LaTeX Info: Redefining \% on input line 6.
)
\openout1 = `trabajoFinal.aux'.

LaTeX Font Info:    Checking defaults for OML/txmi/m/it on input line 18.
LaTeX Font Info:    Try loading font information for OML+txmi on input line 18.

 ("C:\Program Files\MiKTeX 2.9\tex\latex\txfonts\omltxmi.fd"
File: omltxmi.fd 2000/12/15 v3.1
)
LaTeX Font Info:    ... okay on input line 18.
LaTeX Font Info:    Checking defaults for T1/cmr/m/n on input line 18.
LaTeX Font Info:    ... okay on input line 18.
LaTeX Font Info:    Checking defaults for OT1/cmr/m/n on input line 18.
LaTeX Font Info:    ... okay on input line 18.
LaTeX Font Info:    Checking defaults for OMS/txsy/m/n on input line 18.
LaTeX Font Info:    Try loading font information for OMS+txsy on input line 18.


("C:\Program Files\MiKTeX 2.9\tex\latex\txfonts\omstxsy.fd"
File: omstxsy.fd 2000/12/15 v3.1
)
LaTeX Font Info:    ... okay on input line 18.
LaTeX Font Info:    Checking defaults for OMX/txex/m/n on input line 18.
LaTeX Font Info:    Try loading font information for OMX+txex on input line 18.


("C:\Program Files\MiKTeX 2.9\tex\latex\txfonts\omxtxex.fd"
File: omxtxex.fd 2000/12/15 v3.1
)
LaTeX Font Info:    ... okay on input line 18.
LaTeX Font Info:    Checking defaults for U/txexa/m/n on input line 18.
LaTeX Font Info:    Try loading font information for U+txexa on input line 18.

("C:\Program Files\MiKTeX 2.9\tex\latex\txfonts\utxexa.fd"
File: utxexa.fd 2000/12/15 v3.1
)
LaTeX Font Info:    ... okay on input line 18.
LaTeX Font Info:    Try loading font information for OT1+txr on input line 18.

("C:\Program Files\MiKTeX 2.9\tex\latex\txfonts\ot1txr.fd"
File: ot1txr.fd 2000/12/15 v3.1
)
LaTeX Info: Redefining \. on input line 18.
LaTeX Info: Redefining \% on input line 18.

("C:\Program Files\MiKTeX 2.9\tex\context\base\supp-pdf.mkii"
[Loading MPS to PDF converter (version 2006.09.02).]
\scratchcounter=\count111
\scratchdimen=\dimen126
\scratchbox=\box30
\nofMPsegments=\count112
\nofMParguments=\count113
\everyMPshowfont=\toks27
\MPscratchCnt=\count114
\MPscratchDim=\dimen127
\MPnumerator=\count115
\makeMPintoPDFobject=\count116
\everyMPtoPDFconversion=\toks28
) ("C:\Program Files\MiKTeX 2.9\tex\latex\oberdiek\epstopdf-base.sty"
Package: epstopdf-base 2016/05/15 v2.6 Base part for package epstopdf

("C:\Program Files\MiKTeX 2.9\tex\latex\oberdiek\grfext.sty"
Package: grfext 2016/05/16 v1.2 Manage graphics extensions (HO)

("C:\Program Files\MiKTeX 2.9\tex\generic\oberdiek\kvdefinekeys.sty"
Package: kvdefinekeys 2016/05/16 v1.4 Define keys (HO)
))
("C:\Program Files\MiKTeX 2.9\tex\latex\oberdiek\kvoptions.sty"
Package: kvoptions 2016/05/16 v3.12 Key value format for package options (HO)

("C:\Program Files\MiKTeX 2.9\tex\generic\oberdiek\kvsetkeys.sty"
Package: kvsetkeys 2016/05/16 v1.17 Key value parser (HO)
))
Package epstopdf-base Info: Redefining graphics rule for `.eps' on input line 4
38.
Package grfext Info: Graphics extension search list:
(grfext)             [.png,.pdf,.jpg,.mps,.jpeg,.jbig2,.jb2,.PNG,.PDF,.JPG,.JPE
G,.JBIG2,.JB2,.eps]
(grfext)             \AppendGraphicsExtensions on input line 456.
)
*geometry* driver: auto-detecting
*geometry* detected driver: pdftex
*geometry* verbose mode - [ preamble ] result:
* driver: pdftex
* paper: letterpaper
* layout: <same size as paper>
* layoutoffset:(h,v)=(0.0pt,0.0pt)
* modes: 
* h-part:(L,W,R)=(56.9055pt, 500.484pt, 56.9055pt)
* v-part:(T,H,B)=(56.9055pt, 681.15898pt, 56.9055pt)
* \paperwidth=614.295pt
* \paperheight=794.96999pt
* \textwidth=500.484pt
* \textheight=681.15898pt
* \oddsidemargin=-15.36449pt
* \evensidemargin=-15.36449pt
* \topmargin=-52.36449pt
* \headheight=12.0pt
* \headsep=25.0pt
* \topskip=12.0pt
* \footskip=30.0pt
* \marginparwidth=44.0pt
* \marginparsep=10.0pt
* \columnsep=10.0pt
* \skip\footins=10.8pt plus 4.0pt minus 2.0pt
* \hoffset=0.0pt
* \voffset=0.0pt
* \mag=1000
* \@twocolumnfalse
* \@twosidefalse
* \@mparswitchfalse
* \@reversemarginfalse
* (1in=72.27pt=25.4mm, 1cm=28.453pt)

<./Figuras/logo.jpg, id=1, 276.03125pt x 183.68625pt>
File: ./Figuras/logo.jpg Graphic file (type jpg)
 <use ./Figuras/logo.jpg>
Package pdftex.def Info: ./Figuras/logo.jpg used on input line 31.
(pdftex.def)             Requested size: 227.62204pt x 151.47853pt.

[1

{C:/ProgramData/MiKTeX/2.9/pdftex/config/pdftex.map} <./Figuras/logo.jpg>]
(trabajoFinal.toc
LaTeX Info: Redefining \. on input line 1.
LaTeX Info: Redefining \% on input line 1.
LaTeX Font Info:    Try loading font information for U+txmia on input line 3.
 ("C:\Program Files\MiKTeX 2.9\tex\latex\txfonts\utxmia.fd"
File: utxmia.fd 2000/12/15 v3.1
)
LaTeX Font Info:    Try loading font information for U+txsya on input line 3.

("C:\Program Files\MiKTeX 2.9\tex\latex\txfonts\utxsya.fd"
File: utxsya.fd 2000/12/15 v3.1
)
LaTeX Font Info:    Try loading font information for U+txsyb on input line 3.

("C:\Program Files\MiKTeX 2.9\tex\latex\txfonts\utxsyb.fd"
File: utxsyb.fd 2000/12/15 v3.1
)
LaTeX Font Info:    Try loading font information for U+txsyc on input line 3.

("C:\Program Files\MiKTeX 2.9\tex\latex\txfonts\utxsyc.fd"
File: utxsyc.fd 2000/12/15 v3.1
))
\tf@toc=\write3
\openout3 = `trabajoFinal.toc'.

 [1]
Underfull \hbox (badness 10000) in paragraph at lines 98--107

 []


Overfull \hbox (103.43008pt too wide) in paragraph at lines 98--107
\OT1/txr/m/n/12 chi-vos des-de el en-la-ce pro-por-cio-na-do: http://www.oracle
.com/technetwork/developer-tools/datamodeler/downloads/index.html 
 []


Underfull \hbox (badness 10000) in paragraph at lines 98--107

 []


Overfull \hbox (46.37846pt too wide) in paragraph at lines 108--110
\OT1/txr/m/n/12 Nota: El en-la-ce pa-ra des-car-gar el JRE es: http://www.oracl
e.com/technetwork/java/javase/downloads/index.html 
 []


Overfull \hbox (46.37846pt too wide) in paragraph at lines 126--128
\OT1/txr/m/n/12 Nota: El en-la-ce pa-ra des-car-gar el JRE es: http://www.oracl
e.com/technetwork/java/javase/downloads/index.html 
 []

[2] [3] [4]
Underfull \hbox (badness 10000) in paragraph at lines 167--169

 []

<./soniaImagen/diagrama1.png, id=21, 610.53094pt x 262.73157pt>
File: ./soniaImagen/diagrama1.png Graphic file (type png)

<use ./soniaImagen/diagrama1.png>
Package pdftex.def Info: ./soniaImagen/diagrama1.png used on input line 173.
(pdftex.def)             Requested size: 426.79134pt x 183.67029pt.

<./soniaImagen/diagrama2.png, id=22, 532.23843pt x 231.11343pt>
File: ./soniaImagen/diagrama2.png Graphic file (type png)

<use ./soniaImagen/diagrama2.png>
Package pdftex.def Info: ./soniaImagen/diagrama2.png used on input line 177.
(pdftex.def)             Requested size: 426.79134pt x 185.32828pt.

Overfull \hbox (243.76588pt too wide) in paragraph at lines 176--178
[]\OT1/txr/m/n/12 Abra el mo-de-lo lo-gi-co en Ora-cle SQL De-ve-lo-per Da-ta M
o-de-ler. [] 
 []

<./soniaImagen/diagrama3.png, id=23, 822.07124pt x 269.50688pt>
File: ./soniaImagen/diagrama3.png Graphic file (type png)

<use ./soniaImagen/diagrama3.png>
Package pdftex.def Info: ./soniaImagen/diagrama3.png used on input line 179.
(pdftex.def)             Requested size: 426.79134pt x 139.9182pt.

Overfull \hbox (193.94258pt too wide) in paragraph at lines 178--180
[]\OT1/txr/m/n/12 SHaga clic en el icono En-gi-neer to Re-la-tio-nal Mo-del. []
 
 []

<./soniaImagen/diagrama4.png, id=24, 612.03656pt x 470.50781pt>
File: ./soniaImagen/diagrama4.png Graphic file (type png)

<use ./soniaImagen/diagrama4.png>
Package pdftex.def Info: ./soniaImagen/diagrama4.png used on input line 181.
(pdftex.def)             Requested size: 426.79134pt x 328.09683pt.

Overfull \hbox (228.8386pt too wide) in paragraph at lines 180--182
[]\OT1/txr/m/n/12 Acepte to-dos los va-lo-res por de-fec-to y ha-ga clic en En-
gi-neer. [] 
 []

[5 <./soniaImagen/diagrama1.png> <./soniaImagen/diagrama2.png> <./soniaImagen/d
iagrama3.png>] <./soniaImagen/diagrama5.png, id=28, 653.44125pt x 395.97937pt>
File: ./soniaImagen/diagrama5.png Graphic file (type png)

<use ./soniaImagen/diagrama5.png>
Package pdftex.def Info: ./soniaImagen/diagrama5.png used on input line 183.
(pdftex.def)             Requested size: 426.79134pt x 258.62822pt.

Overfull \hbox (377.2786pt too wide) in paragraph at lines 182--184
[]\OT1/txr/m/n/12 Expanda el no-do Re-la-tio-nal Mo-dels en el ex-plo-ra-dor de
 ob-je-tos pa-ra ver los ob-je-tos crea-dos. [] 
 []


Underfull \hbox (badness 10000) in paragraph at lines 189--196

 []

[6 <./soniaImagen/diagrama4.png> <./soniaImagen/diagrama5.png>]
<./soniaImagen/diagrama6.png, id=33, 287.57437pt x 177.66376pt>
File: ./soniaImagen/diagrama6.png Graphic file (type png)

<use ./soniaImagen/diagrama6.png>
Package pdftex.def Info: ./soniaImagen/diagrama6.png used on input line 198.
(pdftex.def)             Requested size: 426.79134pt x 263.68102pt.

Underfull \hbox (badness 10000) in paragraph at lines 200--201

 []

File: ./soniaImagen/diagrama3.png Graphic file (type png)
<use ./soniaImagen/diagrama3.png>
Package pdftex.def Info: ./soniaImagen/diagrama3.png used on input line 204.
(pdftex.def)             Requested size: 426.79134pt x 139.9182pt.
File: ./soniaImagen/diagrama4.png Graphic file (type png)
 <use ./soniaImagen/diagrama4.png>
Package pdftex.def Info: ./soniaImagen/diagrama4.png used on input line 208.
(pdftex.def)             Requested size: 426.79134pt x 328.09683pt.
 [7 <./soniaImagen/diagrama6.png>]
<./soniaImagen/diagrama7.png, id=37, 569.12625pt x 326.72063pt>
File: ./soniaImagen/diagrama7.png Graphic file (type png)

<use ./soniaImagen/diagrama7.png>
Package pdftex.def Info: ./soniaImagen/diagrama7.png used on input line 212.
(pdftex.def)             Requested size: 426.79134pt x 245.01991pt.
 [8 <./soniaImagen/diagrama7.png>]
Underfull \hbox (badness 10000) in paragraph at lines 225--227

 []


Underfull \hbox (badness 10000) in paragraph at lines 228--229

 []

[9] <./giselaImagen/imagen1.png, id=44, 448.67625pt x 152.06813pt>
File: ./giselaImagen/imagen1.png Graphic file (type png)

<use ./giselaImagen/imagen1.png>
Package pdftex.def Info: ./giselaImagen/imagen1.png used on input line 258.
(pdftex.def)             Requested size: 426.79134pt x 144.65648pt.

<./giselaImagen/imagen2.png, id=45, 517.935pt x 118.94438pt>
File: ./giselaImagen/imagen2.png Graphic file (type png)

<use ./giselaImagen/imagen2.png>
Package pdftex.def Info: ./giselaImagen/imagen2.png used on input line 261.
(pdftex.def)             Requested size: 426.79134pt x 98.01778pt.

<./giselaImagen/imagen3.png, id=46, 321.45094pt x 234.8775pt>
File: ./giselaImagen/imagen3.png Graphic file (type png)

<use ./giselaImagen/imagen3.png>
Package pdftex.def Info: ./giselaImagen/imagen3.png used on input line 265.
(pdftex.def)             Requested size: 426.79134pt x 311.85631pt.

<./giselaImagen/imagen4.png, id=47, 359.09157pt x 288.3272pt>
File: ./giselaImagen/imagen4.png Graphic file (type png)

<use ./giselaImagen/imagen4.png>
Package pdftex.def Info: ./giselaImagen/imagen4.png used on input line 268.
(pdftex.def)             Requested size: 426.79134pt x 342.70885pt.
 [10 <./giselaImagen/imagen1.png> <./giselaImagen/imagen2.png>] [11 <./giselaIm
agen/imagen3.png> <./giselaImagen/imagen4.png>]
Underfull \hbox (badness 10000) in paragraph at lines 271--273

 []


Underfull \hbox (badness 10000) in paragraph at lines 282--284

 []

<./giselaImagen/imagen6.png, id=54, 956.07187pt x 341.77687pt>
File: ./giselaImagen/imagen6.png Graphic file (type png)

<use ./giselaImagen/imagen6.png>
Package pdftex.def Info: ./giselaImagen/imagen6.png used on input line 290.
(pdftex.def)             Requested size: 426.79134pt x 152.5674pt.

<./giselaImagen/imagen7.png, id=55, 522.45187pt x 346.29375pt>
File: ./giselaImagen/imagen7.png Graphic file (type png)

<use ./giselaImagen/imagen7.png>
Package pdftex.def Info: ./giselaImagen/imagen7.png used on input line 294.
(pdftex.def)             Requested size: 426.79134pt x 282.89005pt.
 [12 <./giselaImagen/imagen6.png>]
<./giselaImagen/imagen8.png, id=60, 441.14813pt x 146.04562pt>
File: ./giselaImagen/imagen8.png Graphic file (type png)

<use ./giselaImagen/imagen8.png>
Package pdftex.def Info: ./giselaImagen/imagen8.png used on input line 299.
(pdftex.def)             Requested size: 426.79134pt x 141.29858pt.

Underfull \hbox (badness 10000) in paragraph at lines 302--304

 []

<./giselaImagen/imagen9.png, id=61, 441.14813pt x 381.67593pt>
File: ./giselaImagen/imagen9.png Graphic file (type png)

<use ./giselaImagen/imagen9.png>
Package pdftex.def Info: ./giselaImagen/imagen9.png used on input line 310.
(pdftex.def)             Requested size: 426.79134pt x 369.2701pt.
 [13 <./giselaImagen/imagen7.png> <./giselaImagen/imagen8.png>]
<./giselaImagen/imagen10.png, id=65, 561.59813pt x 230.36063pt>
File: ./giselaImagen/imagen10.png Graphic file (type png)

<use ./giselaImagen/imagen10.png>
Package pdftex.def Info: ./giselaImagen/imagen10.png used on input line 314.
(pdftex.def)             Requested size: 426.79134pt x 175.06534pt.

<./giselaImagen/imagen11.png, id=66, 573.64313pt x 239.39438pt>
File: ./giselaImagen/imagen11.png Graphic file (type png)

<use ./giselaImagen/imagen11.png>
Package pdftex.def Info: ./giselaImagen/imagen11.png used on input line 318.
(pdftex.def)             Requested size: 426.79134pt x 178.1134pt.
 [14 <./giselaImagen/imagen9.png> <./giselaImagen/imagen10.png>]
<./giselaImagen/imagen12.png, id=70, 224.33812pt x 134.00063pt>
File: ./giselaImagen/imagen12.png Graphic file (type png)

<use ./giselaImagen/imagen12.png>
Package pdftex.def Info: ./giselaImagen/imagen12.png used on input line 323.
(pdftex.def)             Requested size: 426.79134pt x 254.95547pt.
 [15 <./giselaImagen/imagen11.png> <./giselaImagen/imagen12.png>]
Underfull \hbox (badness 10000) in paragraph at lines 343--345

 []


Underfull \hbox (badness 10000) in paragraph at lines 346--347

 []

[16]
Underfull \hbox (badness 10000) in paragraph at lines 368--381

 []


Underfull \hbox (badness 10000) in paragraph at lines 368--381

 []


Underfull \hbox (badness 10000) in paragraph at lines 368--381

 []


Underfull \hbox (badness 10000) in paragraph at lines 368--381

 []

[17]
Underfull \hbox (badness 10000) in paragraph at lines 401--406

 []


Underfull \hbox (badness 10000) in paragraph at lines 401--406

 []


Underfull \hbox (badness 10000) in paragraph at lines 408--409

 []


Underfull \hbox (badness 10000) in paragraph at lines 419--427

 []


Underfull \hbox (badness 10000) in paragraph at lines 419--427

 []


Underfull \hbox (badness 10000) in paragraph at lines 429--430

 []


Underfull \hbox (badness 10000) in paragraph at lines 446--452

 []


Underfull \hbox (badness 10000) in paragraph at lines 446--452

 []

[18]
Underfull \hbox (badness 10000) in paragraph at lines 453--454

 []

[19]
Underfull \hbox (badness 10000) in paragraph at lines 473--478

 []


Underfull \hbox (badness 10000) in paragraph at lines 473--478

 []


Underfull \hbox (badness 10000) in paragraph at lines 480--481

 []


Underfull \hbox (badness 10000) in paragraph at lines 489--495

 []


Underfull \hbox (badness 10000) in paragraph at lines 489--495

 []


Underfull \hbox (badness 10000) in paragraph at lines 497--498

 []


Underfull \hbox (badness 10000) in paragraph at lines 500--502

 []

[20]
Underfull \hbox (badness 10000) in paragraph at lines 514--523

 []


Underfull \hbox (badness 10000) in paragraph at lines 514--523

 []


Underfull \hbox (badness 10000) in paragraph at lines 525--526

 []


Underfull \hbox (badness 10000) in paragraph at lines 528--529

 []

[21]
Underfull \hbox (badness 10000) in paragraph at lines 545--552

 []


Underfull \hbox (badness 10000) in paragraph at lines 545--552

 []

<./IMAGENES/imagen6_1.png, id=93, 417.81094pt x 242.40562pt>
File: ./IMAGENES/imagen6_1.png Graphic file (type png)

<use ./IMAGENES/imagen6_1.png>
Package pdftex.def Info: ./IMAGENES/imagen6_1.png used on input line 556.
(pdftex.def)             Requested size: 426.79134pt x 247.63142pt.

<./IMAGENES/imagen6_2.png, id=94, 229.60782pt x 30.1125pt>
File: ./IMAGENES/imagen6_2.png Graphic file (type png)

<use ./IMAGENES/imagen6_2.png>
Package pdftex.def Info: ./IMAGENES/imagen6_2.png used on input line 565.
(pdftex.def)             Requested size: 341.43306pt x 44.78035pt.

<./IMAGENES/imagen6_3.png, id=95, 212.29312pt x 40.65187pt>
File: ./IMAGENES/imagen6_3.png Graphic file (type png)

<use ./IMAGENES/imagen6_3.png>
Package pdftex.def Info: ./IMAGENES/imagen6_3.png used on input line 573.
(pdftex.def)             Requested size: 341.43306pt x 65.38423pt.

<./IMAGENES/imagen6_4.png, id=96, 280.79906pt x 39.89906pt>
File: ./IMAGENES/imagen6_4.png Graphic file (type png)

<use ./IMAGENES/imagen6_4.png>
Package pdftex.def Info: ./IMAGENES/imagen6_4.png used on input line 581.
(pdftex.def)             Requested size: 341.43306pt x 48.51724pt.
 [22 <./IMAGENES/imagen6_1.png> <./IMAGENES/imagen6_2.png> <./IMAGENES/imagen6_
3.png>]
<./IMAGENES/imagen6_5.png, id=100, 237.88875pt x 44.41594pt>
File: ./IMAGENES/imagen6_5.png Graphic file (type png)

<use ./IMAGENES/imagen6_5.png>
Package pdftex.def Info: ./IMAGENES/imagen6_5.png used on input line 590.
(pdftex.def)             Requested size: 341.43306pt x 63.7515pt.

<./IMAGENES/imagen6_7.png, id=101, 226.59656pt x 47.42719pt>
File: ./IMAGENES/imagen6_7.png Graphic file (type png)

<use ./IMAGENES/imagen6_7.png>
Package pdftex.def Info: ./IMAGENES/imagen6_7.png used on input line 599.
(pdftex.def)             Requested size: 341.43306pt x 71.46335pt.
File: ./IMAGENES/imagen6_7.png Graphic file (type png)
 <use ./IMAGENES/imagen6_7.png>
Package pdftex.def Info: ./IMAGENES/imagen6_7.png used on input line 608.
(pdftex.def)             Requested size: 341.43306pt x 71.46335pt.
 [23 <./IMAGENES/imagen6_4.png> <./IMAGENES/imagen6_5.png> <./IMAGENES/imagen6_
7.png>]
Underfull \hbox (badness 10000) in paragraph at lines 613--617

 []


Underfull \hbox (badness 10000) in paragraph at lines 613--617

 []

<./IMAGENES/imagen6_2_2.png, id=105, 310.91156pt x 58.71938pt>
File: ./IMAGENES/imagen6_2_2.png Graphic file (type png)

<use ./IMAGENES/imagen6_2_2.png>
Package pdftex.def Info: ./IMAGENES/imagen6_2_2.png used on input line 622.
(pdftex.def)             Requested size: 341.43306pt x 64.48396pt.
File: ./IMAGENES/imagen6_2_2.png Graphic file (type png)
 <use ./IMAGENES/imagen6_2_2.png>
Package pdftex.def Info: ./IMAGENES/imagen6_2_2.png used on input line 632.
(pdftex.def)             Requested size: 341.43306pt x 64.48396pt.

<./IMAGENES/imagen6_2_3.png, id=106, 248.42813pt x 29.35968pt>
File: ./IMAGENES/imagen6_2_3.png Graphic file (type png)

<use ./IMAGENES/imagen6_2_3.png>
Package pdftex.def Info: ./IMAGENES/imagen6_2_3.png used on input line 640.
(pdftex.def)             Requested size: 341.43306pt x 40.3542pt.
File: ./IMAGENES/imagen6_4.png Graphic file (type png)
 <use ./IMAGENES/imagen6_4.png>
Package pdftex.def Info: ./IMAGENES/imagen6_4.png used on input line 648.
(pdftex.def)             Requested size: 341.43306pt x 48.51724pt.

<./IMAGENES/imagen6_2_5.png, id=107, 263.48438pt x 21.07875pt>
File: ./IMAGENES/imagen6_2_5.png Graphic file (type png)

<use ./IMAGENES/imagen6_2_5.png>
Package pdftex.def Info: ./IMAGENES/imagen6_2_5.png used on input line 658.
(pdftex.def)             Requested size: 341.43306pt x 27.31613pt.
 [24 <./IMAGENES/imagen6_2_2.png> <./IMAGENES/imagen6_2_3.png> <./IMAGENES/imag
en6_2_5.png>]
Underfull \hbox (badness 10000) in paragraph at lines 675--682

 []


Underfull \hbox (badness 10000) in paragraph at lines 675--682

 []

<./IMAGENES/imagen1.png, id=112, 420.06938pt x 160.34906pt>
File: ./IMAGENES/imagen1.png Graphic file (type png)

<use ./IMAGENES/imagen1.png>
Package pdftex.def Info: ./IMAGENES/imagen1.png used on input line 686.
(pdftex.def)             Requested size: 341.43306pt x 130.33221pt.

<./IMAGENES/imagen2.png, id=113, 603.0028pt x 190.46156pt>
File: ./IMAGENES/imagen2.png Graphic file (type png)

<use ./IMAGENES/imagen2.png>
Package pdftex.def Info: ./IMAGENES/imagen2.png used on input line 694.
(pdftex.def)             Requested size: 341.43306pt x 107.84346pt.

<./IMAGENES/imagen3.png, id=114, 674.52pt x 192.72pt>
File: ./IMAGENES/imagen3.png Graphic file (type png)

<use ./IMAGENES/imagen3.png>
Package pdftex.def Info: ./IMAGENES/imagen3.png used on input line 701.
(pdftex.def)             Requested size: 341.43306pt x 97.55367pt.

<./IMAGENES/imagen4.png, id=115, 674.52pt x 350.81062pt>
File: ./IMAGENES/imagen4.png Graphic file (type png)

<use ./IMAGENES/imagen4.png>
Package pdftex.def Info: ./IMAGENES/imagen4.png used on input line 710.
(pdftex.def)             Requested size: 341.43306pt x 177.57816pt.
 [25 <./IMAGENES/imagen1.png> <./IMAGENES/imagen2.png> <./IMAGENES/imagen3.png>
]
<./IMAGENES/imagen5.png, id=119, 432.86719pt x 341.77687pt>
File: ./IMAGENES/imagen5.png Graphic file (type png)

<use ./IMAGENES/imagen5.png>
Package pdftex.def Info: ./IMAGENES/imagen5.png used on input line 717.
(pdftex.def)             Requested size: 341.43306pt x 269.59398pt.

<./IMAGENES/imagen6.png, id=120, 608.2725pt x 261.97874pt>
File: ./IMAGENES/imagen6.png Graphic file (type png)

<use ./IMAGENES/imagen6.png>
Package pdftex.def Info: ./IMAGENES/imagen6.png used on input line 723.
(pdftex.def)             Requested size: 341.43306pt x 147.05487pt.
 [26 <./IMAGENES/imagen4.png> <./IMAGENES/imagen5.png> <./IMAGENES/imagen6.png>
]
<./IMAGENES/imagen7.png, id=124, 597.73312pt x 245.41687pt>
File: ./IMAGENES/imagen7.png Graphic file (type png)

<use ./IMAGENES/imagen7.png>
Package pdftex.def Info: ./IMAGENES/imagen7.png used on input line 731.
(pdftex.def)             Requested size: 341.43306pt x 140.18489pt.

<./IMAGENES/imagen8.png, id=125, 576.65437pt x 196.48407pt>
File: ./IMAGENES/imagen8.png Graphic file (type png)

<use ./IMAGENES/imagen8.png>
Package pdftex.def Info: ./IMAGENES/imagen8.png used on input line 738.
(pdftex.def)             Requested size: 341.43306pt x 116.34132pt.

<./IMAGENES/imagen9.png, id=126, 751.30687pt x 185.94469pt>
File: ./IMAGENES/imagen9.png Graphic file (type png)

<use ./IMAGENES/imagen9.png>
Package pdftex.def Info: ./IMAGENES/imagen9.png used on input line 746.
(pdftex.def)             Requested size: 341.43306pt x 84.5028pt.

<./IMAGENES/imagen10.png, id=127, 413.29407pt x 177.66376pt>
File: ./IMAGENES/imagen10.png Graphic file (type png)

<use ./IMAGENES/imagen10.png>
Package pdftex.def Info: ./IMAGENES/imagen10.png used on input line 752.
(pdftex.def)             Requested size: 341.43306pt x 146.77501pt.
 [27 <./IMAGENES/imagen7.png> <./IMAGENES/imagen8.png> <./IMAGENES/imagen9.png>
 <./IMAGENES/imagen10.png>]
Underfull \hbox (badness 10000) in paragraph at lines 770--778

 []


Underfull \hbox (badness 10000) in paragraph at lines 780--781

 []


Underfull \hbox (badness 10000) in paragraph at lines 782--783

 []


Underfull \hbox (badness 10000) in paragraph at lines 785--786

 []


Underfull \hbox (badness 10000) in paragraph at lines 787--788

 []


Underfull \hbox (badness 10000) in paragraph at lines 789--790

 []


Underfull \hbox (badness 10000) in paragraph at lines 791--792

 []


Underfull \hbox (badness 10000) in paragraph at lines 793--794

 []


Underfull \hbox (badness 10000) in paragraph at lines 795--796

 []


Underfull \hbox (badness 10000) in paragraph at lines 797--798

 []


Underfull \hbox (badness 10000) in paragraph at lines 799--800

 []


Underfull \hbox (badness 10000) in paragraph at lines 801--802

 []


! Package inputenc Error: Unicode char  (U+FFFD)
(inputenc)                not set up for use with LaTeX.

See the inputenc package documentation for explanation.
Type  H <return>  for immediate help.
 ...                                              
                                                  
l.803 	\item	Muestre el porcentaje de d
                                          as que se han ausentado los alumno...

Your command was ignored.
Type  I <command> <return>  to replace it with another command,
or  <return>  to continue without it.


! Package inputenc Error: Unicode char  (U+FFFD)
(inputenc)                not set up for use with LaTeX.

See the inputenc package documentation for explanation.
Type  H <return>  for immediate help.
 ...                                              
                                                  
l.803 ...los alumnos y ordene los registros seg
                                                  n el porcentaje calculado.\\
Your command was ignored.
Type  I <command> <return>  to replace it with another command,
or  <return>  to continue without it.


Underfull \hbox (badness 10000) in paragraph at lines 803--804

 []


Underfull \hbox (badness 10000) in paragraph at lines 805--807

 []


! Package inputenc Error: Unicode char  (U+FFFD)
(inputenc)                not set up for use with LaTeX.

See the inputenc package documentation for explanation.
Type  H <return>  for immediate help.
 ...                                              
                                                  
l.808 ... los 5 alumnos con la mayor calificaci
                                                  n y, a continuacin, los...

Your command was ignored.
Type  I <command> <return>  to replace it with another command,
or  <return>  to continue without it.


! Package inputenc Error: Unicode char  (U+FFFD)
(inputenc)                not set up for use with LaTeX.

See the inputenc package documentation for explanation.
Type  H <return>  for immediate help.
 ...                                              
                                                  
l.808 ...a mayor calificacin y, a continuaci
                                                  n, los siguientes 5 alumno...

Your command was ignored.
Type  I <command> <return>  to replace it with another command,
or  <return>  to continue without it.


Underfull \hbox (badness 10000) in paragraph at lines 808--809

 []


! Package inputenc Error: Unicode char  (U+FFFD)
(inputenc)                not set up for use with LaTeX.

See the inputenc package documentation for explanation.
Type  H <return>  for immediate help.
 ...                                              
                                                  
l.810 		SELECT dem
                     sAtributos, MAX(atributoNota) from TablaAlumnos ORDER B...

Your command was ignored.
Type  I <command> <return>  to replace it with another command,
or  <return>  to continue without it.


Overfull \hbox (1.11119pt too wide) in paragraph at lines 810--811
[]\OT1/txr/m/n/12 SELECT dem-sA-tri-bu-tos, MAX(atributoNota) from Ta-blaA-lum-
nos OR-DER BY atri-bu-toId DESC
 []


Underfull \hbox (badness 10000) in paragraph at lines 810--811

 []

[28]

! Package inputenc Error: Unicode char  (U+FFFD)
(inputenc)                not set up for use with LaTeX.

See the inputenc package documentation for explanation.
Type  H <return>  for immediate help.
 ...                                              
                                                  
l.812 ... que tienen la misma clave de ordenaci
                                                  n que la ltima fila de ...

Your command was ignored.
Type  I <command> <return>  to replace it with another command,
or  <return>  to continue without it.


! Package inputenc Error: Unicode char  (U+FFFD)
(inputenc)                not set up for use with LaTeX.

See the inputenc package documentation for explanation.
Type  H <return>  for immediate help.
 ...                                              
                                                  
l.812 ...la misma clave de ordenacin que la 
                                                  ltima fila de la clusul...

Your command was ignored.
Type  I <command> <return>  to replace it with another command,
or  <return>  to continue without it.


! Package inputenc Error: Unicode char  (U+FFFD)
(inputenc)                not set up for use with LaTeX.

See the inputenc package documentation for explanation.
Type  H <return>  for immediate help.
 ...                                              
                                                  
l.812 ...nacin que la ltima fila de la cl
                                                  usula 			de limitacin d...

Your command was ignored.
Type  I <command> <return>  to replace it with another command,
or  <return>  to continue without it.


! Package inputenc Error: Unicode char  (U+FFFD)
(inputenc)                not set up for use with LaTeX.

See the inputenc package documentation for explanation.
Type  H <return>  for immediate help.
 ...                                              
                                                  
l.812 ...a fila de la clusula 			de limitaci
                                                  n de filas cuando muestra ...

Your command was ignored.
Type  I <command> <return>  to replace it with another command,
or  <return>  to continue without it.


Underfull \hbox (badness 10000) in paragraph at lines 812--813

 []


Underfull \hbox (badness 10000) in paragraph at lines 814--815

 []


Underfull \hbox (badness 10000) in paragraph at lines 816--817

 []


Underfull \hbox (badness 10000) in paragraph at lines 818--819

 []

[29]
Underfull \hbox (badness 10000) in paragraph at lines 826--832

 []


Underfull \hbox (badness 10000) in paragraph at lines 826--832

 []


Underfull \hbox (badness 10000) in paragraph at lines 833--834

 []


Underfull \hbox (badness 10000) in paragraph at lines 835--836

 []


Underfull \hbox (badness 10000) in paragraph at lines 837--838

 []

[30] (trabajoFinal.aux
LaTeX Info: Redefining \. on input line 6.
LaTeX Info: Redefining \% on input line 6.
) ) 
Here is how much of TeX's memory you used:
 4959 strings out of 493323
 66181 string characters out of 3139060
 137463 words of memory out of 3000000
 8349 multiletter control sequences out of 15000+200000
 24844 words of font info for 62 fonts, out of 3000000 for 9000
 1141 hyphenation exceptions out of 8191
 34i,5n,30p,304b,380s stack positions out of 5000i,500n,10000p,200000b,50000s
{C:/Program Files/MiKTeX 2.9/fonts/enc/dvips/base/8r.enc}<C:/Program Files/M
iKTeX 2.9/fonts/type1/public/txfonts/rtxr.pfb><C:/Program Files/MiKTeX 2.9/font
s/type1/urw/times/utmb8a.pfb><C:/Program Files/MiKTeX 2.9/fonts/type1/urw/times
/utmr8a.pfb><C:/Program Files/MiKTeX 2.9/fonts/type1/urw/times/utmri8a.pfb>
Output written on trabajoFinal.pdf (31 pages, 547023 bytes).
PDF statistics:
 157 PDF objects out of 1000 (max. 8388607)
 0 named destinations out of 1000 (max. 500000)
 191 words of extra memory for PDF output out of 10000 (max. 10000000)

